<?xml version="1.0" encoding="UTF-8"?>
<testsuite name="adressbook.tests.GroupDeletionTests" tests="1" skipped="0" failures="0" errors="0" timestamp="2022-01-25T19:47:56" hostname="DESKTOP-P3FKE3U" time="0.39">
  <properties/>
  <testcase name="testGroupDeletion()" classname="adressbook.tests.GroupDeletionTests" time="0.39"/>
  <system-out><![CDATA[]]></system-out>
  <system-err><![CDATA[Starting MSEdgeDriver 97.0.1072.62 (c0ec8d7178dacb8102d7ae0d98870bd1ad84e7df) on port 59778
Only local connections are allowed.
Please see https://chromedriver.chromium.org/security-considerations for suggestions on keeping MSEdgeDriver safe.
MSEdgeDriver was started successfully.
янв. 25, 2022 10:47:55 PM org.openqa.selenium.remote.ProtocolHandshake createSession
INFO: Detected dialect: W3C
янв. 25, 2022 10:47:55 PM org.openqa.selenium.devtools.CdpVersionFinder findNearestMatch
WARNING: Unable to find an exact match for CDP version 97, so returning the closest version found: 96
янв. 25, 2022 10:47:55 PM org.openqa.selenium.devtools.CdpVersionFinder findNearestMatch
INFO: Found CDP implementation for version 97 of 96
]]></system-err>
</testsuite>
