<?xml version="1.0" encoding="UTF-8"?>
<testsuite name="adressbook.tests.GroupDeletionTests" tests="1" skipped="0" failures="0" errors="0" timestamp="2022-01-20T14:08:27" hostname="DESKTOP-P3FKE3U" time="0.326">
  <properties/>
  <testcase name="testGroupDeletion()" classname="adressbook.tests.GroupDeletionTests" time="0.326"/>
  <system-out><![CDATA[]]></system-out>
  <system-err><![CDATA[Starting ChromeDriver 96.0.4664.45 (76e4c1bb2ab4671b8beba3444e61c0f17584b2fc-refs/branch-heads/4664@{#947}) on port 21892
Only local connections are allowed.
Please see https://chromedriver.chromium.org/security-considerations for suggestions on keeping ChromeDriver safe.
ChromeDriver was started successfully.
[1642687707.084][WARNING]: This version of ChromeDriver has not been tested with Chrome version 97.
янв. 20, 2022 5:08:27 PM org.openqa.selenium.remote.ProtocolHandshake createSession
INFO: Detected dialect: W3C
янв. 20, 2022 5:08:27 PM org.openqa.selenium.devtools.CdpVersionFinder findNearestMatch
WARNING: Unable to find an exact match for CDP version 97, so returning the closest version found: 94
янв. 20, 2022 5:08:27 PM org.openqa.selenium.devtools.CdpVersionFinder findNearestMatch
INFO: Found CDP implementation for version 97 of 94
]]></system-err>
</testsuite>
